<?xml version="1.0" encoding="UTF-8"?>
<testng-results ignored="0" total="1" passed="1" failed="0" skipped="0">
  <reporter-output>
  </reporter-output>
  <suite started-at="2025-10-29T08:12:33 WIB" name="Suite" finished-at="2025-10-29T08:12:43 WIB" duration-ms="10108">
    <groups>
    </groups>
    <test started-at="2025-10-29T08:12:33 WIB" name="Test" finished-at="2025-10-29T08:12:43 WIB" duration-ms="10108">
      <class name="com.testautomation.apitesting.tests.EndtoEndRequest">
        <test-method is-config="true" signature="beforeMethod()[pri:0, instance:com.testautomation.apitesting.tests.EndtoEndRequest@49b0b76]" started-at="2025-10-29T08:12:33 WIB" name="beforeMethod" finished-at="2025-10-29T08:12:33 WIB" duration-ms="330" status="PASS">
          <reporter-output>
          </reporter-output>
        </test-method> <!-- beforeMethod -->
        <test-method signature="e2eRequest()[pri:0, instance:com.testautomation.apitesting.tests.EndtoEndRequest@49b0b76]" started-at="2025-10-29T08:12:33 WIB" name="e2eRequest" finished-at="2025-10-29T08:12:43 WIB" duration-ms="9728" status="PASS">
          <reporter-output>
          </reporter-output>
        </test-method> <!-- e2eRequest -->
      </class> <!-- com.testautomation.apitesting.tests.EndtoEndRequest -->
    </test> <!-- Test -->
  </suite> <!-- Suite -->
</testng-results>
