<?xml version="1.0" encoding="UTF-8"?>
<!-- Generated by org.testng.reporters.JUnitReportReporter -->
<testsuite hostname="Nadias-MacBook-Pro.local" failures="0" tests="1" name="com.testautomation.apitesting.tests.PostApiRequestPojo" time="3.536" errors="0" timestamp="2025-10-29T02:52:25 WIB" skipped="0">
  <testcase classname="com.testautomation.apitesting.tests.PostApiRequestPojo" name="postRequestApi" time="3.536"/>
</testsuite> <!-- com.testautomation.apitesting.tests.PostApiRequestPojo -->
